[debug] [2025-04-20T17:57:43.987Z] ----------------------------------------------------------------------
[debug] [2025-04-20T17:57:43.989Z] Command:       C:\Program Files\nodejs\node.exe C:\Users\acer\AppData\Roaming\npm\node_modules\firebase-tools\lib\bin\firebase.js init
[debug] [2025-04-20T17:57:43.990Z] CLI Version:   14.2.0
[debug] [2025-04-20T17:57:43.990Z] Platform:      win32
[debug] [2025-04-20T17:57:43.990Z] Node Version:  v20.11.1
[debug] [2025-04-20T17:57:43.990Z] Time:          Mon Apr 21 2025 00:57:43 GMT+0700 (เวลาอินโดจีน)
[debug] [2025-04-20T17:57:43.990Z] ----------------------------------------------------------------------
[debug] 
[debug] [2025-04-20T17:57:43.995Z] > command requires scopes: ["email","openid","https://www.googleapis.com/auth/cloudplatformprojects.readonly","https://www.googleapis.com/auth/firebase","https://www.googleapis.com/auth/cloud-platform"]
[debug] [2025-04-20T17:57:43.995Z] > authorizing via signed-in user (newtttestgame@gmail.com)
[info] 
     ######## #### ########  ######## ########     ###     ######  ########
     ##        ##  ##     ## ##       ##     ##  ##   ##  ##       ##
     ######    ##  ########  ######   ########  #########  ######  ######
     ##        ##  ##    ##  ##       ##     ## ##     ##       ## ##
     ##       #### ##     ## ######## ########  ##     ##  ######  ########

You're about to initialize a Firebase project in this directory:

  C:\Users\acer\OneDrive\Desktop\เก็บแม่งให้หมด\hbd 26

[info] 
=== Project Setup
[info] 
[info] First, let's associate this project directory with a Firebase project.
[info] You can create multiple project aliases by running firebase use --add, 
[info] but for now we'll just set up a default project.
[info] 
[debug] [2025-04-20T17:57:54.746Z] Checked if tokens are valid: false, expires at: 1708973876503
[debug] [2025-04-20T17:57:54.746Z] Checked if tokens are valid: false, expires at: 1708973876503
[debug] [2025-04-20T17:57:54.747Z] > refreshing access token with scopes: []
[debug] [2025-04-20T17:57:54.748Z] >>> [apiv2][query] POST https://www.googleapis.com/oauth2/v3/token [none]
[debug] [2025-04-20T17:57:54.748Z] >>> [apiv2][body] POST https://www.googleapis.com/oauth2/v3/token [omitted]
[debug] [2025-04-20T17:57:54.932Z] <<< [apiv2][status] POST https://www.googleapis.com/oauth2/v3/token 400
[debug] [2025-04-20T17:57:54.932Z] <<< [apiv2][body] POST https://www.googleapis.com/oauth2/v3/token [omitted]
[debug] [2025-04-20T17:57:54.933Z] >>> [apiv2][query] GET https://firebase.googleapis.com/v1beta1/projects pageSize=100
[debug] [2025-04-20T17:57:55.312Z] <<< [apiv2][status] GET https://firebase.googleapis.com/v1beta1/projects 401
[debug] [2025-04-20T17:57:55.312Z] <<< [apiv2][body] GET https://firebase.googleapis.com/v1beta1/projects [omitted]
[debug] [2025-04-20T17:57:55.312Z] Got a 401 Unauthenticated error for a call that required authentication. Refreshing tokens.
[debug] [2025-04-20T17:57:55.313Z] Checked if tokens are valid: false, expires at: 1708973876503
[debug] [2025-04-20T17:57:55.313Z] Checked if tokens are valid: false, expires at: 1708973876503
[debug] [2025-04-20T17:57:55.313Z] > refreshing access token with scopes: []
[debug] [2025-04-20T17:57:55.313Z] >>> [apiv2][query] POST https://www.googleapis.com/oauth2/v3/token [none]
[debug] [2025-04-20T17:57:55.313Z] >>> [apiv2][body] POST https://www.googleapis.com/oauth2/v3/token [omitted]
[debug] [2025-04-20T17:57:55.373Z] <<< [apiv2][status] POST https://www.googleapis.com/oauth2/v3/token 400
[debug] [2025-04-20T17:57:55.373Z] <<< [apiv2][body] POST https://www.googleapis.com/oauth2/v3/token [omitted]
[debug] [2025-04-20T17:57:55.375Z] Request to https://firebase.googleapis.com/v1beta1/projects?pageSize=100 had HTTP Error: 401, Request had invalid authentication credentials. Expected OAuth 2 access token, login cookie or other valid authentication credential. See https://developers.google.com/identity/sign-in/web/devconsole-project.
[debug] [2025-04-20T17:57:55.513Z] FirebaseError: Request to https://firebase.googleapis.com/v1beta1/projects?pageSize=100 had HTTP Error: 401, Request had invalid authentication credentials. Expected OAuth 2 access token, login cookie or other valid authentication credential. See https://developers.google.com/identity/sign-in/web/devconsole-project.
    at responseToError (C:\Users\acer\AppData\Roaming\npm\node_modules\firebase-tools\lib\responseToError.js:52:12)
    at RetryOperation._fn (C:\Users\acer\AppData\Roaming\npm\node_modules\firebase-tools\lib\apiv2.js:312:77)
    at process.processTicksAndRejections (node:internal/process/task_queues:95:5)
[error] 
[error] Error: Failed to list Firebase projects. See firebase-debug.log for more info.
[debug] [2025-04-20T17:58:03.352Z] ----------------------------------------------------------------------
[debug] [2025-04-20T17:58:03.354Z] Command:       C:\Program Files\nodejs\node.exe C:\Users\acer\AppData\Roaming\npm\node_modules\firebase-tools\lib\bin\firebase.js init
[debug] [2025-04-20T17:58:03.355Z] CLI Version:   14.2.0
[debug] [2025-04-20T17:58:03.355Z] Platform:      win32
[debug] [2025-04-20T17:58:03.355Z] Node Version:  v20.11.1
[debug] [2025-04-20T17:58:03.355Z] Time:          Mon Apr 21 2025 00:58:03 GMT+0700 (เวลาอินโดจีน)
[debug] [2025-04-20T17:58:03.355Z] ----------------------------------------------------------------------
[debug] 
[debug] [2025-04-20T17:58:03.360Z] > command requires scopes: ["email","openid","https://www.googleapis.com/auth/cloudplatformprojects.readonly","https://www.googleapis.com/auth/firebase","https://www.googleapis.com/auth/cloud-platform"]
[debug] [2025-04-20T17:58:03.361Z] > authorizing via signed-in user (newtttestgame@gmail.com)
[info] 
     ######## #### ########  ######## ########     ###     ######  ########
     ##        ##  ##     ## ##       ##     ##  ##   ##  ##       ##
     ######    ##  ########  ######   ########  #########  ######  ######
     ##        ##  ##    ##  ##       ##     ## ##     ##       ## ##
     ##       #### ##     ## ######## ########  ##     ##  ######  ########

You're about to initialize a Firebase project in this directory:

  C:\Users\acer\OneDrive\Desktop\เก็บแม่งให้หมด\hbd 26

[info] 
=== Project Setup
[info] 
[info] First, let's associate this project directory with a Firebase project.
[info] You can create multiple project aliases by running firebase use --add, 
[info] but for now we'll just set up a default project.
[info] 
[info] i  If you want to create a project in a Google Cloud organization or folder, please use "firebase projects:create" instead, and return to this command when you've created the project. 
[debug] [2025-04-20T17:58:40.898Z] Checked if tokens are valid: false, expires at: 1708973876503
[debug] [2025-04-20T17:58:40.899Z] Checked if tokens are valid: false, expires at: 1708973876503
[debug] [2025-04-20T17:58:40.899Z] > refreshing access token with scopes: []
[debug] [2025-04-20T17:58:40.902Z] >>> [apiv2][query] POST https://www.googleapis.com/oauth2/v3/token [none]
[debug] [2025-04-20T17:58:40.902Z] >>> [apiv2][body] POST https://www.googleapis.com/oauth2/v3/token [omitted]
[debug] [2025-04-20T17:58:41.102Z] <<< [apiv2][status] POST https://www.googleapis.com/oauth2/v3/token 400
[debug] [2025-04-20T17:58:41.103Z] <<< [apiv2][body] POST https://www.googleapis.com/oauth2/v3/token [omitted]
[debug] [2025-04-20T17:58:41.103Z] >>> [apiv2][query] POST https://cloudresourcemanager.googleapis.com/v1/projects [none]
[debug] [2025-04-20T17:58:41.103Z] >>> [apiv2][body] POST https://cloudresourcemanager.googleapis.com/v1/projects {"projectId":"HBD-U-2602","name":"HBD-U-2602"}
[debug] [2025-04-20T17:58:42.272Z] <<< [apiv2][status] POST https://cloudresourcemanager.googleapis.com/v1/projects 401
[debug] [2025-04-20T17:58:42.272Z] <<< [apiv2][body] POST https://cloudresourcemanager.googleapis.com/v1/projects {"error":{"code":401,"message":"Request had invalid authentication credentials. Expected OAuth 2 access token, login cookie or other valid authentication credential. See https://developers.google.com/identity/sign-in/web/devconsole-project.","status":"UNAUTHENTICATED","details":[{"@type":"type.googleapis.com/google.rpc.ErrorInfo","reason":"ACCESS_TOKEN_TYPE_UNSUPPORTED","metadata":{"method":"google.cloudresourcemanager.v1.Projects.CreateProject","service":"cloudresourcemanager.googleapis.com"}}]}}
[debug] [2025-04-20T17:58:42.272Z] Got a 401 Unauthenticated error for a call that required authentication. Refreshing tokens.
[debug] [2025-04-20T17:58:42.272Z] Checked if tokens are valid: false, expires at: 1708973876503
[debug] [2025-04-20T17:58:42.272Z] Checked if tokens are valid: false, expires at: 1708973876503
[debug] [2025-04-20T17:58:42.272Z] > refreshing access token with scopes: []
[debug] [2025-04-20T17:58:42.273Z] >>> [apiv2][query] POST https://www.googleapis.com/oauth2/v3/token [none]
[debug] [2025-04-20T17:58:42.273Z] >>> [apiv2][body] POST https://www.googleapis.com/oauth2/v3/token [omitted]
[debug] [2025-04-20T17:58:42.336Z] <<< [apiv2][status] POST https://www.googleapis.com/oauth2/v3/token 400
[debug] [2025-04-20T17:58:42.336Z] <<< [apiv2][body] POST https://www.googleapis.com/oauth2/v3/token [omitted]
[debug] [2025-04-20T17:58:42.462Z] FirebaseError: Request to https://cloudresourcemanager.googleapis.com/v1/projects had HTTP Error: 401, Request had invalid authentication credentials. Expected OAuth 2 access token, login cookie or other valid authentication credential. See https://developers.google.com/identity/sign-in/web/devconsole-project.
    at responseToError (C:\Users\acer\AppData\Roaming\npm\node_modules\firebase-tools\lib\responseToError.js:52:12)
    at RetryOperation._fn (C:\Users\acer\AppData\Roaming\npm\node_modules\firebase-tools\lib\apiv2.js:312:77)
    at process.processTicksAndRejections (node:internal/process/task_queues:95:5)
[error] 
[error] Error: Failed to create project. See firebase-debug.log for more info.
